<?xml version="1.0" encoding="UTF-8"?>
<!-- Generated by org.testng.reporters.JUnitXMLReporter -->
<testsuite ignored="4" hostname="Dhirajs-MacBook-Pro.local" failures="0" tests="2" name="/Users/dhirajkailasshelke/IdeaProjects/AppiumFrameworkDesign" time="47.279" errors="0" timestamp="2024-01-18T16:43:20 IST">
  <testcase classname="androidTests.GeneralStoreAppTest" name="fillform" time="13.81"/>
  <testcase classname="androidTests.GeneralStoreAppTest" name="productCatalogue" time="6.119"/>
  <testcase classname="androidTests.GeneralStoreAppTest" name="cartPage" time="0.0">
    <ignored/>
  </testcase> <!-- cartPage -->
  <testcase classname="androidTests.GeneralStoreAppTest" name="webView" time="0.0">
    <ignored/>
  </testcase> <!-- webView -->
  <testcase classname="iOSTests.iOSAppTest" name="AlertViewsPageTest" time="0.0">
    <ignored/>
  </testcase> <!-- AlertViewsPageTest -->
  <testcase classname="iOSTests.iOSAppTest" name="homePageTest" time="0.0">
    <ignored/>
  </testcase> <!-- homePageTest -->
</testsuite> <!-- /Users/dhirajkailasshelke/IdeaProjects/AppiumFrameworkDesign -->
