<?xml version="1.0" encoding="UTF-8"?>
<testng-results ignored="4" total="6" passed="2" failed="0" skipped="0">
  <reporter-output>
  </reporter-output>
  <suite started-at="2024-01-18T16:42:27 IST" name="All Test Suite" finished-at="2024-01-18T16:43:14 IST" duration-ms="47279">
    <groups>
      <group name="Smoke">
        <method signature="GeneralStoreAppTest.fillform()[pri:0, instance:androidTests.GeneralStoreAppTest@64a40280]" name="fillform" class="androidTests.GeneralStoreAppTest"/>
        <method signature="GeneralStoreAppTest.productCatalogue()[pri:1, instance:androidTests.GeneralStoreAppTest@64a40280]" name="productCatalogue" class="androidTests.GeneralStoreAppTest"/>
      </group> <!-- Smoke -->
    </groups>
    <test started-at="2024-01-18T16:42:27 IST" name="/Users/dhirajkailasshelke/IdeaProjects/AppiumFrameworkDesign" finished-at="2024-01-18T16:43:14 IST" duration-ms="47279">
      <class name="androidTests.GeneralStoreAppTest">
        <test-method is-config="true" signature="configureAppium()[pri:0, instance:androidTests.GeneralStoreAppTest@64a40280]" started-at="2024-01-18T16:42:27 IST" name="configureAppium" finished-at="2024-01-18T16:42:50 IST" duration-ms="22678" status="PASS">
          <reporter-output>
          </reporter-output>
        </test-method> <!-- configureAppium -->
        <test-method signature="fillform()[pri:0, instance:androidTests.GeneralStoreAppTest@64a40280]" started-at="2024-01-18T16:42:50 IST" name="fillform" finished-at="2024-01-18T16:43:03 IST" duration-ms="13810" status="PASS">
          <reporter-output>
          </reporter-output>
        </test-method> <!-- fillform -->
        <test-method signature="productCatalogue()[pri:1, instance:androidTests.GeneralStoreAppTest@64a40280]" started-at="2024-01-18T16:43:03 IST" name="productCatalogue" finished-at="2024-01-18T16:43:10 IST" duration-ms="6119" status="PASS">
          <reporter-output>
          </reporter-output>
        </test-method> <!-- productCatalogue -->
        <test-method is-config="true" signature="teardown()[pri:0, instance:androidTests.GeneralStoreAppTest@64a40280]" started-at="2024-01-18T16:43:10 IST" name="teardown" finished-at="2024-01-18T16:43:14 IST" duration-ms="4589" status="PASS">
          <reporter-output>
          </reporter-output>
        </test-method> <!-- teardown -->
      </class> <!-- androidTests.GeneralStoreAppTest -->
    </test> <!-- /Users/dhirajkailasshelke/IdeaProjects/AppiumFrameworkDesign -->
  </suite> <!-- All Test Suite -->
</testng-results>
